Start auto log messages stack - Iteration 1.	[MsgId: MMSG-10545]
t=00002110ms: ** 1: Wait 3 seconds ** started    [MsgId: MMSG-204251]	[MsgId: MMSG-204251]
t=00005115ms: ** 1: Wait 3 seconds ** successfully completed    [MsgId: MMSG-204250]	[MsgId: MMSG-204250]
t=00005115ms: ** 2: Evaluate JS http_truyen_vao = LR.getParam("http_truyen_vao"); //window.alert(http_truyen_vao);  ** started    [MsgId: MMSG-204251]	[MsgId: MMSG-204251]
t=00005145ms: ** 2: Evaluate JS http_truyen_vao = LR.getParam("http_truyen_vao"); //window.alert(http_truyen_vao);  ** successfully completed    [MsgId: MMSG-204250]	[MsgId: MMSG-204250]
t=00005146ms: ** 3: Navigate to http_truyen_vao ** started    [MsgId: MMSG-204251]	[MsgId: MMSG-204251]
t=00048756ms: ** 3: Navigate to "http://bo.ezstore.vn" ** successfully completed    [MsgId: MMSG-204250]	[MsgId: MMSG-204250]
t=00048758ms: ** 6: Type "demo" in Tên ??ng nh?p textbox ** started    [MsgId: MMSG-204251]	[MsgId: MMSG-204251]
t=00068296ms: Error -203246: ** 6: Type "demo" in Tên ??ng nh?p textbox ** failed - target object was not found.    [MsgId: MERR-203246]	[MsgId: MERR-203246]
Start auto log messages stack - Iteration 2.	[MsgId: MMSG-10545]
t=00068383ms: ** 1: Wait 3 seconds ** started    [MsgId: MMSG-204251]	[MsgId: MMSG-204251]
t=00071381ms: ** 1: Wait 3 seconds ** successfully completed    [MsgId: MMSG-204250]	[MsgId: MMSG-204250]
t=00071382ms: ** 2: Evaluate JS http_truyen_vao = LR.getParam("http_truyen_vao"); //window.alert(http_truyen_vao);  ** started    [MsgId: MMSG-204251]	[MsgId: MMSG-204251]
t=00071396ms: ** 2: Evaluate JS http_truyen_vao = LR.getParam("http_truyen_vao"); //window.alert(http_truyen_vao);  ** successfully completed    [MsgId: MMSG-204250]	[MsgId: MMSG-204250]
t=00071396ms: ** 3: Navigate to http_truyen_vao ** started    [MsgId: MMSG-204251]	[MsgId: MMSG-204251]
t=00092975ms: ** 3: Navigate to "http://bo.ezstore.vn" ** successfully completed    [MsgId: MMSG-204250]	[MsgId: MMSG-204250]
t=00092976ms: ** 6: Type "demo" in Tên ??ng nh?p textbox ** started    [MsgId: MMSG-204251]	[MsgId: MMSG-204251]
t=00112530ms: Error -203246: ** 6: Type "demo" in Tên ??ng nh?p textbox ** failed - target object was not found.    [MsgId: MERR-203246]	[MsgId: MERR-203246]
Start auto log messages stack - Iteration 3.	[MsgId: MMSG-10545]
t=00112623ms: ** 1: Wait 3 seconds ** started    [MsgId: MMSG-204251]	[MsgId: MMSG-204251]
t=00115616ms: ** 1: Wait 3 seconds ** successfully completed    [MsgId: MMSG-204250]	[MsgId: MMSG-204250]
t=00115617ms: ** 2: Evaluate JS http_truyen_vao = LR.getParam("http_truyen_vao"); //window.alert(http_truyen_vao);  ** started    [MsgId: MMSG-204251]	[MsgId: MMSG-204251]
t=00115619ms: ** 2: Evaluate JS http_truyen_vao = LR.getParam("http_truyen_vao"); //window.alert(http_truyen_vao);  ** successfully completed    [MsgId: MMSG-204250]	[MsgId: MMSG-204250]
t=00115620ms: ** 3: Navigate to http_truyen_vao ** started    [MsgId: MMSG-204251]	[MsgId: MMSG-204251]
t=00137241ms: ** 3: Navigate to "http://bo.ezstore.vn" ** successfully completed    [MsgId: MMSG-204250]	[MsgId: MMSG-204250]
t=00137242ms: ** 6: Type "demo" in Tên ??ng nh?p textbox ** started    [MsgId: MMSG-204251]	[MsgId: MMSG-204251]
t=00156765ms: Error -203246: ** 6: Type "demo" in Tên ??ng nh?p textbox ** failed - target object was not found.    [MsgId: MERR-203246]	[MsgId: MERR-203246]
