Start auto log messages stack - Iteration 1.	[MsgId: MMSG-10545]
t=00037887ms: ** 7: Type ????????? in M?t kh?u passwordbox ** successfully completed    [MsgId: MMSG-204250]	[MsgId: MMSG-204250]
t=00037888ms: ** 8: Type "10002" in Mã c?a hàng textbox ** started    [MsgId: MMSG-204251]	[MsgId: MMSG-204251]
t=00040121ms: ** 8: Type "10002" in Mã c?a hàng textbox ** successfully completed    [MsgId: MMSG-204250]	[MsgId: MMSG-204250]
t=00040122ms: ** 10: Click on ??ng nh?p gridcell ** started    [MsgId: MMSG-204251]	[MsgId: MMSG-204251]
Notify: Transaction "dang_nhap" ended with "Pass" status (Duration: 7.8774).	[MsgId: MMSG-16873]
t=00040763ms: ** 10: Click on ??ng nh?p gridcell ** successfully completed    [MsgId: MMSG-204250]	[MsgId: MMSG-204250]
t=00040763ms: ** 11: Wait 5 seconds ** started    [MsgId: MMSG-204251]	[MsgId: MMSG-204251]
t=00045762ms: ** 11: Wait 5 seconds ** successfully completed    [MsgId: MMSG-204250]	[MsgId: MMSG-204250]
t=00045763ms: ** 13: Click on button button ** started    [MsgId: MMSG-204251]	[MsgId: MMSG-204251]
t=00067509ms: Error -203246: ** 13: Click on button button ** failed - target object was not found.    [MsgId: MERR-203246]	[MsgId: MERR-203246]
Start auto log messages stack - Iteration 2.	[MsgId: MMSG-10545]
t=00067700ms: ** 1: Wait 3 seconds ** started    [MsgId: MMSG-204251]	[MsgId: MMSG-204251]
t=00070700ms: ** 1: Wait 3 seconds ** successfully completed    [MsgId: MMSG-204250]	[MsgId: MMSG-204250]
t=00070700ms: ** 2: Evaluate JS http_truyen_vao = LR.getParam("http_truyen_vao"); //window.alert(http_truyen_vao);  ** started    [MsgId: MMSG-204251]	[MsgId: MMSG-204251]
t=00070715ms: ** 2: Evaluate JS http_truyen_vao = LR.getParam("http_truyen_vao"); //window.alert(http_truyen_vao);  ** successfully completed    [MsgId: MMSG-204250]	[MsgId: MMSG-204250]
t=00070716ms: ** 3: Navigate to http_truyen_vao ** started    [MsgId: MMSG-204251]	[MsgId: MMSG-204251]
t=00113544ms: ** 3: Navigate to "http://bo.ezstore.vn" ** successfully completed    [MsgId: MMSG-204250]	[MsgId: MMSG-204250]
t=00113545ms: ** 6: Type "demo" in Tên ??ng nh?p textbox ** started    [MsgId: MMSG-204251]	[MsgId: MMSG-204251]
t=00133053ms: Error -203246: ** 6: Type "demo" in Tên ??ng nh?p textbox ** failed - target object was not found.    [MsgId: MERR-203246]	[MsgId: MERR-203246]
Start auto log messages stack - Iteration 3.	[MsgId: MMSG-10545]
t=00133142ms: ** 1: Wait 3 seconds ** started    [MsgId: MMSG-204251]	[MsgId: MMSG-204251]
t=00136137ms: ** 1: Wait 3 seconds ** successfully completed    [MsgId: MMSG-204250]	[MsgId: MMSG-204250]
t=00136138ms: ** 2: Evaluate JS http_truyen_vao = LR.getParam("http_truyen_vao"); //window.alert(http_truyen_vao);  ** started    [MsgId: MMSG-204251]	[MsgId: MMSG-204251]
t=00136140ms: ** 2: Evaluate JS http_truyen_vao = LR.getParam("http_truyen_vao"); //window.alert(http_truyen_vao);  ** successfully completed    [MsgId: MMSG-204250]	[MsgId: MMSG-204250]
t=00136141ms: ** 3: Navigate to http_truyen_vao ** started    [MsgId: MMSG-204251]	[MsgId: MMSG-204251]
t=00158044ms: ** 3: Navigate to "http://bo.ezstore.vn" ** successfully completed    [MsgId: MMSG-204250]	[MsgId: MMSG-204250]
t=00158045ms: ** 6: Type "demo" in Tên ??ng nh?p textbox ** started    [MsgId: MMSG-204251]	[MsgId: MMSG-204251]
t=00177553ms: Error -203246: ** 6: Type "demo" in Tên ??ng nh?p textbox ** failed - target object was not found.    [MsgId: MERR-203246]	[MsgId: MERR-203246]
