Virtual User Script started at : 2013-08-07 13:17:11
Starting action vuser_init.
TruClient Replay for LoadRunner 11.0.0 for WINXP build 8859, initialized on 2013/08/07 at 13:17:10 (1375856230.324s)

Ending action vuser_init.
Running Vuser...
Starting iteration 1.
Starting action Action.
t=00001150ms: ** 1: Wait 3 seconds ** started    [MsgId: MMSG-204251]
t=00004191ms: ** 1: Wait 3 seconds ** successfully completed    [MsgId: MMSG-204250]
t=00004196ms: ** 2: Evaluate JS http = LR.getParam("http"); //window.alert(http);  ** started    [MsgId: MMSG-204251]
t=00004239ms: ** 2: Evaluate JS http = LR.getParam("http"); //window.alert(http);  ** successfully completed    [MsgId: MMSG-204250]
t=00004244ms: ** 3: Navigate to http ** started    [MsgId: MMSG-204251]
t=00010963ms: ** 3: Navigate to "http://bo.ezstore.vn" ** successfully completed    [MsgId: MMSG-204250]
t=00010970ms: ** 6: Type "demo" in Tên ??ng nh?p textbox ** started    [MsgId: MMSG-204251]
t=00013288ms: ** 6: Type "demo" in Tên ??ng nh?p textbox ** successfully completed    [MsgId: MMSG-204250]
t=00013294ms: ** 7: Type ????????? in M?t kh?u passwordbox ** started    [MsgId: MMSG-204251]
t=00016114ms: ** 7: Type ????????? in M?t kh?u passwordbox ** successfully completed    [MsgId: MMSG-204250]
t=00016120ms: ** 8: Type "10002" in Mã c?a hàng textbox ** started    [MsgId: MMSG-204251]
t=00018614ms: ** 8: Type "10002" in Mã c?a hàng textbox ** successfully completed    [MsgId: MMSG-204250]
t=00018620ms: ** 9: Click on ??ng nh?p gridcell ** started    [MsgId: MMSG-204251]
t=00019286ms: ** 9: Click on ??ng nh?p gridcell ** successfully completed    [MsgId: MMSG-204250]
t=00019291ms: ** 11: Wait 4 seconds ** started    [MsgId: MMSG-204251]
t=00023333ms: ** 11: Wait 4 seconds ** successfully completed    [MsgId: MMSG-204250]
t=00023339ms: ** 12: Click on button button ** started    [MsgId: MMSG-204251]
t=00024019ms: ** 12: Click on button button ** successfully completed    [MsgId: MMSG-204250]
t=00024024ms: ** 14: Evaluate JS var x = Math.floor (11 * Math.random () +5); //window.alert(x);   ** started    [MsgId: MMSG-204251]
t=00024064ms: ** 14: Evaluate JS var x = Math.floor (11 * Math.random () +5); //window.alert(x);   ** successfully completed    [MsgId: MMSG-204250]
t=00024069ms: ** 15: Wait 6 seconds ** started    [MsgId: MMSG-204251]
t=00030085ms: ** 15: Wait 6 seconds ** successfully completed    [MsgId: MMSG-204250]
t=00030098ms: ** 16: If (x==5) ** started    [MsgId: MMSG-204251]
t=00030143ms: ** 16: If (false) ** successfully completed    [MsgId: MMSG-204250]
t=00030154ms: ** 17: If (x==6) ** started    [MsgId: MMSG-204251]
t=00030217ms: ** 17: If (false) ** successfully completed    [MsgId: MMSG-204250]
t=00030228ms: ** 18: If (x==7) ** started    [MsgId: MMSG-204251]
t=00030273ms: ** 18: If (false) ** successfully completed    [MsgId: MMSG-204250]
t=00030284ms: ** 19: If (x==8) ** started    [MsgId: MMSG-204251]
t=00030302ms: ** 19.1: Click on THU CHI ** started    [MsgId: MMSG-204251]
t=00031006ms: ** 19.1: Click on THU CHI ** successfully completed    [MsgId: MMSG-204250]
t=00031011ms: ** 19.2: Wait 10 seconds ** started    [MsgId: MMSG-204251]
t=00041053ms: ** 19.2: Wait 10 seconds ** successfully completed    [MsgId: MMSG-204250]
t=00041092ms: ** 19: If (true) ** successfully completed    [MsgId: MMSG-204250]
t=00041104ms: ** 20: If (x==9) ** started    [MsgId: MMSG-204251]
t=00041151ms: ** 20: If (false) ** successfully completed    [MsgId: MMSG-204250]
t=00041163ms: ** 21: If (x==10) ** started    [MsgId: MMSG-204251]
t=00041209ms: ** 21: If (false) ** successfully completed    [MsgId: MMSG-204250]
t=00041220ms: ** 22: If (x==11) ** started    [MsgId: MMSG-204251]
t=00041265ms: ** 22: If (false) ** successfully completed    [MsgId: MMSG-204250]
t=00041276ms: ** 23: If (x==12) ** started    [MsgId: MMSG-204251]
t=00041322ms: ** 23: If (false) ** successfully completed    [MsgId: MMSG-204250]
t=00041333ms: ** 24: If (x==13) ** started    [MsgId: MMSG-204251]
t=00041379ms: ** 24: If (false) ** successfully completed    [MsgId: MMSG-204250]
t=00041389ms: ** 25: If (x==14) ** started    [MsgId: MMSG-204251]
t=00041434ms: ** 25: If (false) ** successfully completed    [MsgId: MMSG-204250]
t=00041445ms: ** 26: If (x==15) ** started    [MsgId: MMSG-204251]
t=00041463ms: ** 26: If (false) ** successfully completed    [MsgId: MMSG-204250]
t=00041473ms: ** 27: If (x==16) ** started    [MsgId: MMSG-204251]
t=00041495ms: ** 27: If (false) ** successfully completed    [MsgId: MMSG-204250]
t=00041500ms: ** 28: Click on ??ng xu?t gridcell ** started    [MsgId: MMSG-204251]
t=00042166ms: ** 28: Click on ??ng xu?t gridcell ** successfully completed    [MsgId: MMSG-204250]
Ending action Action.
Ending iteration 1.
Ending Vuser...
Starting action vuser_end.
Ending action vuser_end.
Vuser Terminated.
