Start auto log messages stack - Iteration 1.	[MsgId: MMSG-10545]
Notify: Transaction "Con_cua_hang_duy_tan" started.	[MsgId: MMSG-16999]
Notify: Transaction "Con_cua_hang_duy_tan" ended with "Pass" status (Duration: 0.1262).	[MsgId: MMSG-16873]
t=00029620ms: ** 13: Click on button button ** successfully completed    [MsgId: MMSG-204250]	[MsgId: MMSG-204250]
t=00029621ms: ** 15: Wait 8 seconds ** started    [MsgId: MMSG-204251]	[MsgId: MMSG-204251]
t=00037619ms: ** 15: Wait 8 seconds ** successfully completed    [MsgId: MMSG-204250]	[MsgId: MMSG-204250]
t=00037620ms: ** 16: Click on KHÁCH HÀNG ** started    [MsgId: MMSG-204251]	[MsgId: MMSG-204251]
t=00038478ms: ** 16: Click on KHÁCH HÀNG ** successfully completed    [MsgId: MMSG-204250]	[MsgId: MMSG-204250]
t=00038478ms: ** 18: Them Moi Khach hang ** started    [MsgId: MMSG-204251]	[MsgId: MMSG-204251]
Notify: Transaction "them_moi_khach_hang" started.	[MsgId: MMSG-16999]
t=00038492ms: ** 18.1: Click on Khách hàng ** started    [MsgId: MMSG-204251]	[MsgId: MMSG-204251]
t=00059167ms: Error -203246: ** 18.1: Click on Khách hàng ** failed - target object was not found.    [MsgId: MERR-203246]	[MsgId: MERR-203246]
t=00059168ms: Error -203250: ** 18: Them Moi Khach hang ** was aborted because of an error in another step    [MsgId: MERR-203250]	[MsgId: MERR-203250]
End auto log messages stack.	[MsgId: MMSG-10544]


Start auto log messages stack - Iteration 2.	[MsgId: MMSG-10545]
t=00059314ms: ** 1: Wait 3 seconds ** started    [MsgId: MMSG-204251]	[MsgId: MMSG-204251]
t=00062305ms: ** 1: Wait 3 seconds ** successfully completed    [MsgId: MMSG-204250]	[MsgId: MMSG-204250]
t=00062306ms: ** 2: Evaluate JS http_truyen_vao = LR.getParam("http_truyen_vao"); //window.alert(http_truyen_vao);  ** started    [MsgId: MMSG-204251]	[MsgId: MMSG-204251]
t=00062320ms: ** 2: Evaluate JS http_truyen_vao = LR.getParam("http_truyen_vao"); //window.alert(http_truyen_vao);  ** successfully completed    [MsgId: MMSG-204250]	[MsgId: MMSG-204250]
t=00062321ms: ** 3: Navigate to http_truyen_vao ** started    [MsgId: MMSG-204251]	[MsgId: MMSG-204251]
t=00105415ms: ** 3: Navigate to "http://bo.ezstore.vn" ** successfully completed    [MsgId: MMSG-204250]	[MsgId: MMSG-204250]
t=00105417ms: ** 6: Type "demo" in Tên ??ng nh?p textbox ** started    [MsgId: MMSG-204251]	[MsgId: MMSG-204251]
t=00124955ms: Error -203246: ** 6: Type "demo" in Tên ??ng nh?p textbox ** failed - target object was not found.    [MsgId: MERR-203246]	[MsgId: MERR-203246]
Start auto log messages stack - Iteration 3.	[MsgId: MMSG-10545]
t=00125084ms: ** 1: Wait 3 seconds ** started    [MsgId: MMSG-204251]	[MsgId: MMSG-204251]
t=00128088ms: ** 1: Wait 3 seconds ** successfully completed    [MsgId: MMSG-204250]	[MsgId: MMSG-204250]
t=00128088ms: ** 2: Evaluate JS http_truyen_vao = LR.getParam("http_truyen_vao"); //window.alert(http_truyen_vao);  ** started    [MsgId: MMSG-204251]	[MsgId: MMSG-204251]
t=00128091ms: ** 2: Evaluate JS http_truyen_vao = LR.getParam("http_truyen_vao"); //window.alert(http_truyen_vao);  ** successfully completed    [MsgId: MMSG-204250]	[MsgId: MMSG-204250]
t=00128091ms: ** 3: Navigate to http_truyen_vao ** started    [MsgId: MMSG-204251]	[MsgId: MMSG-204251]
t=00149650ms: ** 3: Navigate to "http://bo.ezstore.vn" ** successfully completed    [MsgId: MMSG-204250]	[MsgId: MMSG-204250]
t=00149651ms: ** 6: Type "demo" in Tên ??ng nh?p textbox ** started    [MsgId: MMSG-204251]	[MsgId: MMSG-204251]
t=00169159ms: Error -203246: ** 6: Type "demo" in Tên ??ng nh?p textbox ** failed - target object was not found.    [MsgId: MERR-203246]	[MsgId: MERR-203246]
