Virtual User Script started at : 2013-08-09 11:32:54
Starting action vuser_init.
TruClient Replay for LoadRunner 11.0.0 for WINXP build 8859, initialized on 2013/08/09 at 11:32:50 (1376022770.828s)

Ending action vuser_init.
Running Vuser...
Starting iteration 1.
Starting action Action.
t=00004578ms: ** 1: Wait 3 seconds ** started    [MsgId: MMSG-204251]
t=00007625ms: ** 1: Wait 3 seconds ** successfully completed    [MsgId: MMSG-204250]
t=00007641ms: ** 2: Evaluate JS http= LR.getParam("http"); //window.alert(http);  ** started    [MsgId: MMSG-204251]
t=00007688ms: ** 2: Evaluate JS http= LR.getParam("http"); //window.alert(http);  ** successfully completed    [MsgId: MMSG-204250]
t=00007703ms: ** 3: Navigate to http ** started    [MsgId: MMSG-204251]
t=00017734ms: ** 3: Navigate to "http://bo.ezstore.vn" ** successfully completed    [MsgId: MMSG-204250]
t=00017750ms: ** 6: dang nhap ** started    [MsgId: MMSG-204251]
t=00017766ms: ** 6.1: Type "demo" in Tên ??ng nh?p textbox ** started    [MsgId: MMSG-204251]
t=00019672ms: ** 6.1: Type "demo" in Tên ??ng nh?p textbox ** successfully completed    [MsgId: MMSG-204250]
t=00019672ms: ** 6.3: Type ????????? in M?t kh?u passwordbox ** started    [MsgId: MMSG-204251]
t=00022969ms: ** 6.3: Type ????????? in M?t kh?u passwordbox ** successfully completed    [MsgId: MMSG-204250]
t=00022969ms: ** 6.5: Type "10002" in Mã c?a hàng textbox ** started    [MsgId: MMSG-204251]
t=00025375ms: ** 6.5: Type "10002" in Mã c?a hàng textbox ** successfully completed    [MsgId: MMSG-204250]
t=00025375ms: ** 6.6: Click on ??ng nh?p gridcell ** started    [MsgId: MMSG-204251]
t=00026031ms: ** 6.6: Click on ??ng nh?p gridcell ** successfully completed    [MsgId: MMSG-204250]
t=00026078ms: ** 6: dang nhap ** successfully completed    [MsgId: MMSG-204250]
t=00026078ms: ** 8: Wait 4 seconds ** started    [MsgId: MMSG-204251]
t=00030125ms: ** 8: Wait 4 seconds ** successfully completed    [MsgId: MMSG-204250]
t=00030141ms: ** 9: Click on button (2) button ** started    [MsgId: MMSG-204251]
t=00030828ms: ** 9: Click on button (2) button ** successfully completed    [MsgId: MMSG-204250]
t=00030828ms: ** 10: Wait 6 seconds ** started    [MsgId: MMSG-204251]
t=00036875ms: ** 10: Wait 6 seconds ** successfully completed    [MsgId: MMSG-204250]
t=00036875ms: ** 12: pass ** started    [MsgId: MMSG-204251]
t=00036922ms: ** 12: pass ** successfully completed    [MsgId: MMSG-204250]
t=00036922ms: ** 13: C?A HÀNG ** started    [MsgId: MMSG-204251]
t=00036984ms: ** 13: C?A HÀNG ** successfully completed    [MsgId: MMSG-204250]
t=00036984ms: ** 14: end Pass ** started    [MsgId: MMSG-204251]
t=00037031ms: ** 14: end Pass ** successfully completed    [MsgId: MMSG-204250]
t=00037031ms: ** 15: Thao tac voi KHACH HANG ** started    [MsgId: MMSG-204251]
t=00037094ms: ** 15: Thao tac voi KHACH HANG ** successfully completed    [MsgId: MMSG-204250]
t=00037094ms: ** 16: pass khach hàng ** started    [MsgId: MMSG-204251]
t=00037141ms: ** 16: pass khach hàng ** successfully completed    [MsgId: MMSG-204250]
t=00037141ms: ** 17: KHÁCH HÀNG THAO TÁC ** started    [MsgId: MMSG-204251]
t=00037203ms: ** 17: KHÁCH HÀNG THAO TÁC ** successfully completed    [MsgId: MMSG-204250]
t=00037219ms: ** 18: Wait 6 seconds ** started    [MsgId: MMSG-204251]
t=00043266ms: ** 18: Wait 6 seconds ** successfully completed    [MsgId: MMSG-204250]
t=00043266ms: ** 19: end pass khách hàng ** started    [MsgId: MMSG-204251]
t=00043313ms: ** 19: end pass khách hàng ** successfully completed    [MsgId: MMSG-204250]
t=00043313ms: ** 20: Thao Tac KHO ** started    [MsgId: MMSG-204251]
t=00043375ms: ** 20: Thao Tac KHO ** successfully completed    [MsgId: MMSG-204250]
t=00043375ms: ** 21: Click on KHO ** started    [MsgId: MMSG-204251]
t=00044078ms: ** 21: Click on KHO ** successfully completed    [MsgId: MMSG-204250]
t=00044094ms: ** 23: Wait 6 seconds ** started    [MsgId: MMSG-204251]
t=00050156ms: ** 23: Wait 6 seconds ** successfully completed    [MsgId: MMSG-204250]
t=00050172ms: ** 24: pass nhap hang ** started    [MsgId: MMSG-204251]
t=00050219ms: ** 24: pass nhap hang ** successfully completed    [MsgId: MMSG-204250]
t=00050313ms: ** 25: Click nhap hang ** started    [MsgId: MMSG-204251]
t=00050328ms: ** 25.1: Click on Nh?p hàng ** started    [MsgId: MMSG-204251]
t=00051000ms: ** 25.1: Click on Nh?p hàng ** successfully completed    [MsgId: MMSG-204250]
t=00051016ms: ** 25.2: Wait 3 seconds ** started    [MsgId: MMSG-204251]
t=00054047ms: ** 25.2: Wait 3 seconds ** successfully completed    [MsgId: MMSG-204250]
t=00054063ms: ** 25.3: Click on Thêm m?i gridcell ** started    [MsgId: MMSG-204251]
t=00054781ms: ** 25.3: Click on Thêm m?i gridcell ** successfully completed    [MsgId: MMSG-204250]
t=00054781ms: ** 25.12: Evaluate JS ma_nhap_hang = LR.getParam("ma_nhap_hang"); //window.alert(ma_nhap_hang);  ** started    [MsgId: MMSG-204251]
t=00054828ms: ** 25.12: Evaluate JS ma_nhap_hang = LR.getParam("ma_nhap_hang"); //window.alert(ma_nhap_hang);  ** successfully completed    [MsgId: MMSG-204250]
t=00054828ms: ** 25.13: Type ma_nhap_hang in Ki?m kho textbox ** started    [MsgId: MMSG-204251]
t=00057406ms: ** 25.13: Type "quan" in Ki?m kho textbox ** successfully completed    [MsgId: MMSG-204250]
t=00057422ms: ** 25.15: Click on 2223213 quan bo gridcell ** started    [MsgId: MMSG-204251]
t=00058172ms: ** 25.15: Click on 2223213 quan bo gridcell ** successfully completed    [MsgId: MMSG-204250]
t=00058188ms: ** 25.22: Click on Thêm gridcell ** started    [MsgId: MMSG-204251]
t=00058859ms: ** 25.22: Click on Thêm gridcell ** successfully completed    [MsgId: MMSG-204250]
t=00058875ms: ** 25.24: Wait 5 seconds ** started    [MsgId: MMSG-204251]
t=00063875ms: ** 25.24: Wait 5 seconds ** successfully completed    [MsgId: MMSG-204250]
t=00063891ms: ** 25.25: Click on Thanh toán gridcell ** started    [MsgId: MMSG-204251]
t=00064641ms: ** 25.25: Click on Thanh toán gridcell ** successfully completed    [MsgId: MMSG-204250]
t=00064656ms: ** 25.27: Wait 3 seconds ** started    [MsgId: MMSG-204251]
t=00067656ms: ** 25.27: Wait 3 seconds ** successfully completed    [MsgId: MMSG-204250]
t=00067672ms: ** 25.28: Click on Thanh toán gridcell ** started    [MsgId: MMSG-204251]
t=00068359ms: ** 25.28: Click on Thanh toán gridcell ** successfully completed    [MsgId: MMSG-204250]
t=00068359ms: ** 25.30: Wait 3 seconds ** started    [MsgId: MMSG-204251]
t=00071703ms: ** 25.30: Wait 3 seconds ** successfully completed    [MsgId: MMSG-204250]
t=00071766ms: ** 25: Click nhap hang ** successfully completed    [MsgId: MMSG-204250]
t=00071781ms: ** 26: Wait 3 seconds ** started    [MsgId: MMSG-204251]
t=00074859ms: ** 26: Wait 3 seconds ** successfully completed    [MsgId: MMSG-204250]
t=00074938ms: ** 27: thao tac kiem kho ** started    [MsgId: MMSG-204251]
t=00075031ms: ** 27.1: Click on Ki?m kho ** started    [MsgId: MMSG-204251]
t=00076094ms: ** 27.1: Click on Ki?m kho ** successfully completed    [MsgId: MMSG-204250]
t=00076094ms: ** 27.2: Wait 3 seconds ** started    [MsgId: MMSG-204251]
t=00079172ms: ** 27.2: Wait 3 seconds ** successfully completed    [MsgId: MMSG-204250]
t=00079172ms: ** 27.3: Click on Thêm m?i gridcell ** started    [MsgId: MMSG-204251]
t=00079859ms: ** 27.3: Click on Thêm m?i gridcell ** successfully completed    [MsgId: MMSG-204250]
t=00079875ms: ** 27.7: Evaluate JS ma_nhap_hang = LR.getParam("ma_nhap_hang"); window.alert(ma_nhap_hang);  ** started    [MsgId: MMSG-204251]
t=00083891ms: ** 27.7: Evaluate JS ma_nhap_hang = LR.getParam("ma_nhap_hang"); window.alert(ma_nhap_hang);  ** successfully completed    [MsgId: MMSG-204250]
t=00083891ms: ** 27.8: Type ma_nhap_hang in Ki?m kho textbox ** started    [MsgId: MMSG-204251]
t=00126109ms: ** 27.8: Type ma_nhap_hang in Ki?m kho textbox ** was stopped    [MsgId: MMSG-204250]
t=00126359ms: ** 27: thao tac kiem kho ** was stopped    [MsgId: MMSG-204250]
Ending action Action.
Ending iteration 1.
Abort was called from an action
Ending Vuser...
Starting action vuser_end.
Ending action vuser_end.
Vuser Terminated.
