Virtual User Script started at : 2013-08-08 18:07:22
Starting action vuser_init.
TruClient Replay for LoadRunner 11.0.0 for WINXP build 8859, initialized on 2013/08/08 at 18:07:19 (1375960039.752s)

Ending action vuser_init.
Running Vuser...
Starting iteration 1.
Starting action Action.
t=00002987ms: ** 1: Wait 3 seconds ** started    [MsgId: MMSG-204251]
t=00006015ms: ** 1: Wait 3 seconds ** successfully completed    [MsgId: MMSG-204250]
t=00006020ms: ** 2: Evaluate JS http= LR.getParam("http"); //window.alert(http);  ** started    [MsgId: MMSG-204251]
t=00006060ms: ** 2: Evaluate JS http= LR.getParam("http"); //window.alert(http);  ** successfully completed    [MsgId: MMSG-204250]
t=00006066ms: ** 3: Navigate to http ** started    [MsgId: MMSG-204251]
t=00009410ms: ** 3: Navigate to "http://bo.ezstore.vn" ** successfully completed    [MsgId: MMSG-204250]
t=00009416ms: ** 6: dang nhap ** started    [MsgId: MMSG-204251]
t=00009427ms: ** 6.1: Type "demo" in Tên ??ng nh?p textbox ** started    [MsgId: MMSG-204251]
t=00011349ms: ** 6.1: Type "demo" in Tên ??ng nh?p textbox ** successfully completed    [MsgId: MMSG-204250]
t=00011350ms: ** 6.3: Type ????????? in M?t kh?u passwordbox ** started    [MsgId: MMSG-204251]
t=00013443ms: ** 6.3: Type ????????? in M?t kh?u passwordbox ** successfully completed    [MsgId: MMSG-204250]
t=00013444ms: ** 6.5: Type "10002" in Mã c?a hàng textbox ** started    [MsgId: MMSG-204251]
t=00016411ms: ** 6.5: Type "10002" in Mã c?a hàng textbox ** successfully completed    [MsgId: MMSG-204250]
t=00016412ms: ** 6.6: Click on ??ng nh?p gridcell ** started    [MsgId: MMSG-204251]
t=00017068ms: ** 6.6: Click on ??ng nh?p gridcell ** successfully completed    [MsgId: MMSG-204250]
t=00017099ms: ** 6: dang nhap ** successfully completed    [MsgId: MMSG-204250]
t=00017104ms: ** 8: Wait 4 seconds ** started    [MsgId: MMSG-204251]
t=00021157ms: ** 8: Wait 4 seconds ** successfully completed    [MsgId: MMSG-204250]
t=00021163ms: ** 9: Click on button (2) button ** started    [MsgId: MMSG-204251]
t=00021830ms: ** 9: Click on button (2) button ** successfully completed    [MsgId: MMSG-204250]
t=00021835ms: ** 10: Wait 6 seconds ** started    [MsgId: MMSG-204251]
t=00027846ms: ** 10: Wait 6 seconds ** successfully completed    [MsgId: MMSG-204250]
t=00027851ms: ** 12: pass ** started    [MsgId: MMSG-204251]
t=00027886ms: ** 12: pass ** successfully completed    [MsgId: MMSG-204250]
t=00027961ms: ** 13: C?A HÀNG ** started    [MsgId: MMSG-204251]
t=00028012ms: ** 13: C?A HÀNG ** successfully completed    [MsgId: MMSG-204250]
t=00028017ms: ** 14: end Pass ** started    [MsgId: MMSG-204251]
t=00028053ms: ** 14: end Pass ** successfully completed    [MsgId: MMSG-204250]
t=00028057ms: ** 15: Thao tac voi KHACH HANG ** started    [MsgId: MMSG-204251]
t=00028111ms: ** 15: Thao tac voi KHACH HANG ** successfully completed    [MsgId: MMSG-204250]
t=00028116ms: ** 16: pass khach hàng ** started    [MsgId: MMSG-204251]
t=00029133ms: ** 16: pass khach hàng ** successfully completed    [MsgId: MMSG-204250]
t=00029155ms: ** 17: KHÁCH HÀNG THAO TÁC ** started    [MsgId: MMSG-204251]
t=00029201ms: ** 17: KHÁCH HÀNG THAO TÁC ** successfully completed    [MsgId: MMSG-204250]
t=00029209ms: ** 18: Wait 6 seconds ** started    [MsgId: MMSG-204251]
t=00035254ms: ** 18: Wait 6 seconds ** successfully completed    [MsgId: MMSG-204250]
t=00035259ms: ** 19: end pass khách hàng ** started    [MsgId: MMSG-204251]
t=00035297ms: ** 19: end pass khách hàng ** successfully completed    [MsgId: MMSG-204250]
t=00035303ms: ** 20: Thao Tac KHO ** started    [MsgId: MMSG-204251]
t=00035345ms: ** 20: Thao Tac KHO ** successfully completed    [MsgId: MMSG-204250]
t=00035351ms: ** 21: Click on KHO ** started    [MsgId: MMSG-204251]
t=00036055ms: ** 21: Click on KHO ** successfully completed    [MsgId: MMSG-204250]
t=00036061ms: ** 23: Wait 6 seconds ** started    [MsgId: MMSG-204251]
t=00042114ms: ** 23: Wait 6 seconds ** successfully completed    [MsgId: MMSG-204250]
t=00042120ms: ** 24: loi chua chay nhap hang ** started    [MsgId: MMSG-204251]
t=00042160ms: ** 24: loi chua chay nhap hang ** successfully completed    [MsgId: MMSG-204250]
t=00042265ms: ** 25: Click nhap hang ** started    [MsgId: MMSG-204251]
t=00042318ms: ** 25.1: Click on Nh?p hàng ** started    [MsgId: MMSG-204251]
t=00043058ms: ** 25.1: Click on Nh?p hàng ** successfully completed    [MsgId: MMSG-204250]
t=00043063ms: ** 25.2: Wait 3 seconds ** started    [MsgId: MMSG-204251]
t=00046141ms: ** 25.2: Wait 3 seconds ** successfully completed    [MsgId: MMSG-204250]
t=00046146ms: ** 25.3: Click on Thêm m?i gridcell ** started    [MsgId: MMSG-204251]
t=00046869ms: ** 25.3: Click on Thêm m?i gridcell ** successfully completed    [MsgId: MMSG-204250]
t=00046873ms: ** 25.12: Evaluate JS ma_nhap_hang = LR.getParam("ma_nhap_hang"); window.alert(ma_nhap_hang);  ** started    [MsgId: MMSG-204251]
t=00050678ms: ** 25.12: Evaluate JS ma_nhap_hang = LR.getParam("ma_nhap_hang"); window.alert(ma_nhap_hang);  ** successfully completed    [MsgId: MMSG-204250]
t=00050684ms: ** 25.13: Type ma_nhap_hang in Ki?m kho textbox ** started    [MsgId: MMSG-204251]
t=00054679ms: ** 25.13: Type "quan bo" in Ki?m kho textbox ** successfully completed    [MsgId: MMSG-204250]
t=00054700ms: ** 25.15: Click on 2223213 quan bo gridcell ** started    [MsgId: MMSG-204251]
t=00055484ms: ** 25.15: Click on 2223213 quan bo gridcell ** successfully completed    [MsgId: MMSG-204250]
t=00055489ms: ** 25.22: Click on Thêm gridcell ** started    [MsgId: MMSG-204251]
t=00056213ms: ** 25.22: Click on Thêm gridcell ** successfully completed    [MsgId: MMSG-204250]
t=00056217ms: ** 25.24: Wait 5 seconds ** started    [MsgId: MMSG-204251]
t=00061268ms: ** 25.24: Wait 5 seconds ** successfully completed    [MsgId: MMSG-204250]
t=00061273ms: ** 25.25: Click on Thanh toán gridcell ** started    [MsgId: MMSG-204251]
t=00062067ms: ** 25.25: Click on Thanh toán gridcell ** successfully completed    [MsgId: MMSG-204250]
t=00062072ms: ** 25.27: Wait 3 seconds ** started    [MsgId: MMSG-204251]
t=00065314ms: ** 25.27: Wait 3 seconds ** successfully completed    [MsgId: MMSG-204250]
t=00065319ms: ** 25.28: Click on Thanh toán gridcell ** started    [MsgId: MMSG-204251]
t=00066023ms: ** 25.28: Click on Thanh toán gridcell ** successfully completed    [MsgId: MMSG-204250]
t=00066027ms: ** 25.30: Wait 3 seconds ** started    [MsgId: MMSG-204251]
t=00069188ms: ** 25.30: Wait 3 seconds ** successfully completed    [MsgId: MMSG-204250]
t=00069255ms: ** 25: Click nhap hang ** successfully completed    [MsgId: MMSG-204250]
t=00069260ms: ** 26: Wait 3 seconds ** started    [MsgId: MMSG-204251]
t=00072303ms: ** 26: Wait 3 seconds ** successfully completed    [MsgId: MMSG-204250]
t=00072343ms: ** 27: thao tac kiem kho ** started    [MsgId: MMSG-204251]
t=00072371ms: ** 27.1: Click on Ki?m kho ** started    [MsgId: MMSG-204251]
t=00073114ms: ** 27.1: Click on Ki?m kho ** successfully completed    [MsgId: MMSG-204250]
t=00073119ms: ** 27.2: Wait 3 seconds ** started    [MsgId: MMSG-204251]
t=00075363ms: ** 27.2: Wait 3 seconds ** was stopped    [MsgId: MMSG-204250]
t=00075412ms: ** 27: thao tac kiem kho ** was stopped    [MsgId: MMSG-204250]
Ending action Action.
Ending iteration 1.
Abort was called from an action
Ending Vuser...
Starting action vuser_end.
Ending action vuser_end.
Vuser Terminated.
