Virtual User Script started at : 2013-08-06 17:26:42
Starting action vuser_init.
TruClient Replay for LoadRunner 11.0.0 for Windows 7 build 8859, initialized on 2013/08/06 at 17:26:40 (1375784800.649s)

Ending action vuser_init.
Running Vuser...
Starting iteration 1.
Starting action Action.
t=00002102ms: ** 1: Wait 3 seconds ** started    [MsgId: MMSG-204251]
t=00005100ms: ** 1: Wait 3 seconds ** successfully completed    [MsgId: MMSG-204250]
t=00005110ms: ** 2: Evaluate JS http_truyen_vao = LR.getParam("http_truyen_vao"); window.alert(http_truyen_vao);  ** started    [MsgId: MMSG-204251]
t=00007756ms: ** 2: Evaluate JS http_truyen_vao = LR.getParam("http_truyen_vao"); window.alert(http_truyen_vao);  ** successfully completed    [MsgId: MMSG-204250]
t=00007777ms: ** 3: Navigate to http_truyen_vao ** started    [MsgId: MMSG-204251]
t=00017327ms: ** 3: Navigate to "http://bo.ezstore.vn" ** successfully completed    [MsgId: MMSG-204250]
t=00017337ms: ** 6: Type "demo" in Tên ??ng nh?p textbox ** started    [MsgId: MMSG-204251]
t=00018872ms: ** 6: Type "demo" in Tên ??ng nh?p textbox ** successfully completed    [MsgId: MMSG-204250]
t=00018881ms: ** 7: Type ????????? in M?t kh?u passwordbox ** started    [MsgId: MMSG-204251]
t=00022116ms: ** 7: Type ????????? in M?t kh?u passwordbox ** successfully completed    [MsgId: MMSG-204250]
t=00022125ms: ** 8: Type "10002" in Mã c?a hàng textbox ** started    [MsgId: MMSG-204251]
t=00024455ms: ** 8: Type "10002" in Mã c?a hàng textbox ** successfully completed    [MsgId: MMSG-204250]
t=00024460ms: ** 10: Click on ??ng nh?p gridcell ** started    [MsgId: MMSG-204251]
t=00025235ms: ** 10: Click on ??ng nh?p gridcell ** successfully completed    [MsgId: MMSG-204250]
t=00025242ms: ** 11: Wait 5 seconds ** started    [MsgId: MMSG-204251]
t=00030249ms: ** 11: Wait 5 seconds ** successfully completed    [MsgId: MMSG-204250]
t=00030254ms: ** 13: Click on button button ** started    [MsgId: MMSG-204251]
t=00030930ms: ** 13: Click on button button ** successfully completed    [MsgId: MMSG-204250]
t=00030939ms: ** 15: Wait 8 seconds ** started    [MsgId: MMSG-204251]
t=00038982ms: ** 15: Wait 8 seconds ** successfully completed    [MsgId: MMSG-204250]
t=00038990ms: ** 16: Click on KHÁCH HÀNG ** started    [MsgId: MMSG-204251]
t=00039696ms: ** 16: Click on KHÁCH HÀNG ** successfully completed    [MsgId: MMSG-204250]
t=00039706ms: ** 18: Them Moi Khach hang ** started    [MsgId: MMSG-204251]
t=00039743ms: ** 18.1: Click on Khách hàng ** started    [MsgId: MMSG-204251]
t=00041514ms: ** 18.1: Click on Khách hàng ** successfully completed    [MsgId: MMSG-204250]
t=00041515ms: ** 18.3: Click on Thêm m?i gridcell ** started    [MsgId: MMSG-204251]
t=00042108ms: ** 18.3: Click on Thêm m?i gridcell ** successfully completed    [MsgId: MMSG-204250]
t=00042114ms: ** 18.6: Wait 3 seconds ** started    [MsgId: MMSG-204251]
t=00045103ms: ** 18.6: Wait 3 seconds ** successfully completed    [MsgId: MMSG-204250]
t=00045104ms: ** 18.7: Evaluate JS ma_khach_hang = LR.getParam("ma_khach_hang"); //window.alert(ma_khach_hang);  ** started    [MsgId: MMSG-204251]
t=00045126ms: ** 18.7: Evaluate JS ma_khach_hang = LR.getParam("ma_khach_hang"); //window.alert(ma_khach_hang);  ** successfully completed    [MsgId: MMSG-204250]
t=00045126ms: ** 18.8: Evaluate JS ten_khach_hang = LR.getParam("ten_khach_hang"); //window.alert(ten_khach_hang);  ** started    [MsgId: MMSG-204251]
t=00045145ms: ** 18.8: Evaluate JS ten_khach_hang = LR.getParam("ten_khach_hang"); //window.alert(ten_khach_hang);  ** successfully completed    [MsgId: MMSG-204250]
t=00045145ms: ** 18.9: Type ma_khach_hang in Mã khách hàng textbox ** started    [MsgId: MMSG-204251]
t=00046272ms: ** 18.9: Type "048" in Mã khách hàng textbox ** successfully completed    [MsgId: MMSG-204250]
t=00046274ms: ** 18.10: Type ten_khach_hang in Tên khách hàng textbox ** started    [MsgId: MMSG-204251]
t=00052498ms: ** 18.10: Type "Bui Xuan Nghiem" in Tên khách hàng textbox ** successfully completed    [MsgId: MMSG-204250]
t=00052499ms: ** 18.12: Type "0972567987" in ?T di ??ng textbox ** started    [MsgId: MMSG-204251]
t=00057037ms: ** 18.12: Type "0972567987" in ?T di ??ng textbox ** successfully completed    [MsgId: MMSG-204250]
t=00057038ms: ** 18.15: Type "6573email@gmail.com" in Email textbox ** started    [MsgId: MMSG-204251]
t=00064353ms: ** 18.15: Type "6573email@gmail.com" in Email textbox ** successfully completed    [MsgId: MMSG-204250]
t=00064354ms: ** 18.18: Type "27/09/2013" in Ngày sinh textbox ** started    [MsgId: MMSG-204251]
t=00069299ms: ** 18.18: Type "27/09/2013" in Ngày sinh textbox ** successfully completed    [MsgId: MMSG-204250]
t=00069301ms: ** 18.22: Type "Ha Noi" in textbox (10) textbox ** started    [MsgId: MMSG-204251]
t=00072450ms: ** 18.22: Type "Ha Noi" in textbox (10) textbox ** successfully completed    [MsgId: MMSG-204250]
t=00072450ms: ** 18.24: Type "0487697878" in ?i?n tho?i textbox ** started    [MsgId: MMSG-204251]
t=00077255ms: ** 18.24: Type "0487697878" in ?i?n tho?i textbox ** successfully completed    [MsgId: MMSG-204250]
t=00077256ms: ** 18.25: Wait 3 seconds ** started    [MsgId: MMSG-204251]
t=00080249ms: ** 18.25: Wait 3 seconds ** successfully completed    [MsgId: MMSG-204250]
t=00080250ms: ** 18.27: Click on L?u gridcell ** started    [MsgId: MMSG-204251]
t=00080922ms: ** 18.27: Click on L?u gridcell ** successfully completed    [MsgId: MMSG-204250]
t=00080923ms: ** 18.30: Wait 3 seconds ** started    [MsgId: MMSG-204251]
t=00083916ms: ** 18.30: Wait 3 seconds ** successfully completed    [MsgId: MMSG-204250]
t=00083916ms: ** 18.31: Click on L?u gridcell ** started    [MsgId: MMSG-204251]
t=00084557ms: ** 18.31: Click on L?u gridcell ** successfully completed    [MsgId: MMSG-204250]
t=00084558ms: ** 18.35: Wait 5 seconds ** started    [MsgId: MMSG-204251]
t=00089548ms: ** 18.35: Wait 5 seconds ** successfully completed    [MsgId: MMSG-204250]
t=00089559ms: ** 18: Them Moi Khach hang ** successfully completed    [MsgId: MMSG-204250]
t=00089566ms: ** 20: Wait 8 seconds ** started    [MsgId: MMSG-204251]
t=00097620ms: ** 20: Wait 8 seconds ** successfully completed    [MsgId: MMSG-204250]
t=00097628ms: ** 24: Wait 6 seconds ** started    [MsgId: MMSG-204251]
t=00103657ms: ** 24: Wait 6 seconds ** successfully completed    [MsgId: MMSG-204250]
t=00103664ms: ** 25: The Tra Truoc ** started    [MsgId: MMSG-204251]
t=00103682ms: ** 25.1: Click on Th? tr? tr??c ** started    [MsgId: MMSG-204251]
t=00104320ms: ** 25.1: Click on Th? tr? tr??c ** successfully completed    [MsgId: MMSG-204250]
t=00104320ms: ** 25.2: Wait 6 seconds ** started    [MsgId: MMSG-204251]
t=00110312ms: ** 25.2: Wait 6 seconds ** successfully completed    [MsgId: MMSG-204250]
t=00110313ms: ** 25.4: Click on Thêm m?i gridcell ** started    [MsgId: MMSG-204251]
t=00110950ms: ** 25.4: Click on Thêm m?i gridcell ** successfully completed    [MsgId: MMSG-204250]
t=00110951ms: ** 25.6: Wait 3 seconds ** started    [MsgId: MMSG-204251]
t=00113946ms: ** 25.6: Wait 3 seconds ** successfully completed    [MsgId: MMSG-204250]
t=00113946ms: ** 25.7: Evaluate JS ma_the = LR.getParam("ma_the"); //window.alert(ma_the); ** started    [MsgId: MMSG-204251]
t=00113977ms: ** 25.7: Evaluate JS ma_the = LR.getParam("ma_the"); //window.alert(ma_the); ** successfully completed    [MsgId: MMSG-204250]
t=00113978ms: ** 25.8: Type ma_the in Mã th? textbox ** started    [MsgId: MMSG-204251]
t=00117112ms: ** 25.8: Type "0000032" in Mã th? textbox ** successfully completed    [MsgId: MMSG-204250]
t=00117113ms: ** 25.12: Type "097685478" in ?i?n tho?i textbox ** started    [MsgId: MMSG-204251]
t=00120685ms: ** 25.12: Type "097685478" in ?i?n tho?i textbox ** successfully completed    [MsgId: MMSG-204250]
t=00120686ms: ** 25.13: Evaluate JS ten_chu_the = LR.getParam("ten_chu_the"); //window.alert(ten_chu_the); ** started    [MsgId: MMSG-204251]
t=00120730ms: ** 25.13: Evaluate JS ten_chu_the = LR.getParam("ten_chu_the"); //window.alert(ten_chu_the); ** successfully completed    [MsgId: MMSG-204250]
t=00120731ms: ** 25.16: Type ten_chu_the in Tên ch? th? textbox ** started    [MsgId: MMSG-204251]
t=00126558ms: ** 25.16: Type "trinh thi quyen" in Tên ch? th? textbox ** successfully completed    [MsgId: MMSG-204250]
t=00126559ms: ** 25.19: Type "phuca5uwi@gmail.com" in Email textbox ** started    [MsgId: MMSG-204251]
t=00134459ms: ** 25.19: Type "phuca5uwi@gmail.com" in Email textbox ** successfully completed    [MsgId: MMSG-204250]
t=00134460ms: ** 25.20: Evaluate JS so_the = LR.getParam("so_the"); //window.alert(so_the); ** started    [MsgId: MMSG-204251]
t=00134491ms: ** 25.20: Evaluate JS so_the = LR.getParam("so_the"); //window.alert(so_the); ** successfully completed    [MsgId: MMSG-204250]
t=00134492ms: ** 25.24: Type ?????? in S? th? passwordbox ** started    [MsgId: MMSG-204251]
t=00136893ms: ** 25.24: Type ??????? in S? th? passwordbox ** successfully completed    [MsgId: MMSG-204250]
t=00136895ms: ** 25.32: Type "25/08/1987" in 06/08/2013 textbox ** started    [MsgId: MMSG-204251]
t=00141278ms: ** 25.32: Type "25/08/1987" in 06/08/2013 textbox ** successfully completed    [MsgId: MMSG-204250]
t=00141279ms: ** 25.33: Wait 5 seconds ** started    [MsgId: MMSG-204251]
t=00146285ms: ** 25.33: Wait 5 seconds ** successfully completed    [MsgId: MMSG-204250]
t=00146286ms: ** 25.34: Click on Thêm m?i gridcell ** started    [MsgId: MMSG-204251]
t=00146986ms: ** 25.34: Click on Thêm m?i gridcell ** successfully completed    [MsgId: MMSG-204250]
t=00146986ms: ** 25.35: Wait 3 seconds ** started    [MsgId: MMSG-204251]
t=00149983ms: ** 25.35: Wait 3 seconds ** successfully completed    [MsgId: MMSG-204250]
t=00149995ms: ** 25: The Tra Truoc ** successfully completed    [MsgId: MMSG-204250]
Ending action Action.
Ending iteration 1.
Ending Vuser...
Starting action vuser_end.
Ending action vuser_end.
Vuser Terminated.
